<?xml version="1.0" encoding="UTF-8"?>
<!-- Generated by org.testng.reporters.JUnitXMLReporter -->
<testsuite ignored="1" hostname="Rahul" failures="0" tests="1" name="Test" time="28.308" errors="0" timestamp="2024-05-17T21:20:08 IST">
  <testcase classname="amazon.com.tests.AmazonSearchProducts" name="searchProductOnFlipkart" time="28.257"/>
  <testcase classname="amazon.com.tests.AmazonSearchProducts" name="searchProduct" time="0.0">
    <ignored/>
  </testcase> <!-- searchProduct -->
</testsuite> <!-- Test -->
